2025-01-16 02:53:02,992 - __main__ - INFO - Запуск main()
2025-01-16 02:53:03,024 - __main__ - INFO - Инициализация базы данных
2025-01-16 02:53:03,082 - __main__ - INFO - Настройка бота и диспетчера
2025-01-16 02:53:03,093 - __main__ - INFO - Подключение middleware
2025-01-16 02:53:03,093 - __main__ - INFO - Регистрация хендлеров
2025-01-16 02:53:03,093 - bot.handlers.reminders - INFO - Запуск планировщика задач
2025-01-16 02:53:03,095 - apscheduler.scheduler - INFO - Scheduler started
2025-01-16 02:53:03,095 - __main__ - INFO - Бот запущен! Начало polling...
2025-01-16 02:53:03,095 - aiogram.dispatcher - INFO - Start polling
2025-01-16 02:53:03,798 - aiogram.dispatcher - INFO - Run polling for bot @airunnerbot id=7987337779 - 'RunnerBot'
2025-01-16 02:55:26,404 - aiogram.event - INFO - Update id=785582077 is handled. Duration 406 ms by bot id=7987337779
2025-01-16 02:55:28,431 - httpx - INFO - HTTP Request: POST https://ngw.devices.sberbank.ru:9443/api/v2/oauth "HTTP/1.1 200 OK"
2025-01-16 02:55:31,576 - httpx - INFO - HTTP Request: POST https://gigachat.devices.sberbank.ru/api/v1/chat/completions "HTTP/1.1 200 OK"
2025-01-16 02:55:32,679 - aiogram.event - INFO - Update id=785582078 is handled. Duration 4547 ms by bot id=7987337779
2025-01-16 02:55:42,133 - httpx - INFO - HTTP Request: POST https://gigachat.devices.sberbank.ru/api/v1/chat/completions "HTTP/1.1 200 OK"
2025-01-16 02:55:42,266 - aiogram.event - INFO - Update id=785582079 is handled. Duration 1608 ms by bot id=7987337779
2025-01-16 02:55:51,370 - httpx - INFO - HTTP Request: POST https://gigachat.devices.sberbank.ru/api/v1/chat/completions "HTTP/1.1 200 OK"
2025-01-16 02:55:51,498 - aiogram.event - INFO - Update id=785582080 is handled. Duration 1718 ms by bot id=7987337779
2025-01-16 02:56:04,577 - httpx - INFO - HTTP Request: POST https://gigachat.devices.sberbank.ru/api/v1/chat/completions "HTTP/1.1 200 OK"
2025-01-16 02:56:04,719 - aiogram.event - INFO - Update id=785582081 is handled. Duration 6500 ms by bot id=7987337779
2025-01-16 02:56:21,619 - httpx - INFO - HTTP Request: POST https://ngw.devices.sberbank.ru:9443/api/v2/oauth "HTTP/1.1 200 OK"
2025-01-16 02:56:23,990 - httpx - INFO - HTTP Request: POST https://gigachat.devices.sberbank.ru/api/v1/chat/completions "HTTP/1.1 200 OK"
2025-01-16 02:56:24,232 - aiogram.event - INFO - Update id=785582082 is handled. Duration 2844 ms by bot id=7987337779
2025-01-16 02:56:51,943 - aiogram.dispatcher - INFO - Polling stopped
2025-01-16 02:56:51,943 - aiogram.dispatcher - INFO - Polling stopped for bot @airunnerbot id=7987337779 - 'RunnerBot'
2025-01-16 02:56:52,199 - __main__ - INFO - Закрытие сессии бота
2025-01-16 02:56:52,199 - bot.handlers.reminders - INFO - Остановка планировщика задач
2025-01-16 02:56:52,199 - apscheduler.scheduler - INFO - Scheduler has been shut down
2025-01-16 03:03:43,077 - __main__ - INFO - Запуск main()
2025-01-16 03:03:43,127 - __main__ - INFO - Инициализация базы данных
2025-01-16 03:03:43,188 - __main__ - INFO - Настройка бота и диспетчера
2025-01-16 03:03:43,199 - __main__ - INFO - Подключение middleware
2025-01-16 03:03:43,200 - __main__ - INFO - Регистрация хендлеров
2025-01-16 03:03:43,200 - bot.handlers.reminders - INFO - Запуск планировщика задач
2025-01-16 03:03:43,217 - apscheduler.scheduler - INFO - Scheduler started
2025-01-16 03:03:43,218 - __main__ - INFO - Бот запущен! Начало polling...
2025-01-16 03:03:43,218 - aiogram.dispatcher - INFO - Start polling
2025-01-16 03:03:43,867 - aiogram.dispatcher - INFO - Run polling for bot @airunnerbot id=7987337779 - 'RunnerBot'
2025-01-16 03:03:47,135 - aiogram.event - INFO - Update id=785582083 is handled. Duration 358 ms by bot id=7987337779
2025-01-16 03:03:48,138 - bot.handlers.start - INFO - Пользователь 615014924 вызвал команду /start
2025-01-16 03:03:48,138 - bot.handlers.start - INFO - Пользователь 615014924 уже зарегистрирован
2025-01-16 03:03:48,262 - aiogram.event - INFO - Update id=785582084 is handled. Duration 125 ms by bot id=7987337779
2025-01-16 03:03:51,373 - aiogram.event - INFO - Update id=785582085 is handled. Duration 2140 ms by bot id=7987337779
2025-01-16 03:03:53,986 - aiogram.event - INFO - Update id=785582086 is handled. Duration 234 ms by bot id=7987337779
2025-01-16 03:03:58,914 - httpx - INFO - HTTP Request: POST https://ngw.devices.sberbank.ru:9443/api/v2/oauth "HTTP/1.1 200 OK"
2025-01-16 03:04:00,217 - httpx - INFO - HTTP Request: POST https://gigachat.devices.sberbank.ru/api/v1/chat/completions "HTTP/1.1 200 OK"
2025-01-16 03:04:00,342 - aiogram.event - INFO - Update id=785582087 is handled. Duration 1639 ms by bot id=7987337779
2025-01-16 03:04:07,206 - aiogram.dispatcher - INFO - Polling stopped
2025-01-16 03:04:07,206 - aiogram.dispatcher - INFO - Polling stopped for bot @airunnerbot id=7987337779 - 'RunnerBot'
2025-01-16 03:04:07,464 - __main__ - INFO - Закрытие сессии бота
2025-01-16 03:04:07,464 - bot.handlers.reminders - INFO - Остановка планировщика задач
2025-01-16 03:04:07,464 - apscheduler.scheduler - INFO - Scheduler has been shut down
2025-01-16 03:34:35,351 - __main__ - INFO - Запуск main()
2025-01-16 03:34:35,406 - __main__ - INFO - Инициализация базы данных
2025-01-16 03:34:35,676 - __main__ - INFO - Настройка бота и диспетчера
2025-01-16 03:34:35,686 - __main__ - INFO - Подключение middleware
2025-01-16 03:34:35,687 - __main__ - INFO - Регистрация хендлеров
2025-01-16 03:34:35,687 - bot.handlers.reminders - INFO - Запуск планировщика задач
2025-01-16 03:34:35,700 - apscheduler.scheduler - INFO - Scheduler started
2025-01-16 03:34:35,700 - __main__ - INFO - Бот запущен! Начало polling...
2025-01-16 03:34:35,703 - aiogram.dispatcher - INFO - Start polling
2025-01-16 03:34:37,225 - aiogram.dispatcher - INFO - Run polling for bot @airunnerbot id=7987337779 - 'RunnerBot'
2025-01-16 03:35:44,252 - aiogram.event - INFO - Update id=785582088 is handled. Duration 968 ms by bot id=7987337779
2025-01-16 03:35:48,672 - aiogram.event - INFO - Update id=785582089 is handled. Duration 343 ms by bot id=7987337779
2025-01-16 03:35:52,152 - aiogram.event - INFO - Update id=785582090 is handled. Duration 359 ms by bot id=7987337779
2025-01-16 03:36:02,184 - aiogram.event - INFO - Update id=785582091 is not handled. Duration 547 ms by bot id=7987337779
2025-01-16 03:36:02,184 - aiogram.event - ERROR - Cause exception while process update id=785582091 by bot id=7987337779
TypeError: handle_errors() missing 1 required positional argument: 'exception'
Traceback (most recent call last):
  File "D:\Programming\Python\RunnerBot\.venv\lib\site-packages\aiogram\dispatcher\middlewares\error.py", line 25, in __call__
    return await handler(event, data)
  File "D:\Programming\Python\RunnerBot\.venv\lib\site-packages\aiogram\dispatcher\middlewares\user_context.py", line 56, in __call__
    return await handler(event, data)
  File "D:\Programming\Python\RunnerBot\.venv\lib\site-packages\aiogram\fsm\middleware.py", line 42, in __call__
    return await handler(event, data)
  File "D:\Programming\Python\RunnerBot\.venv\lib\site-packages\aiogram\dispatcher\event\telegram.py", line 121, in trigger
    return await wrapped_inner(event, kwargs)
  File "D:\Programming\Python\RunnerBot\.venv\lib\site-packages\aiogram\dispatcher\event\handler.py", line 43, in call
    return await wrapped()
  File "D:\Programming\Python\RunnerBot\.venv\lib\site-packages\aiogram\dispatcher\dispatcher.py", line 276, in _listen_update
    return await self.propagate_event(update_type=update_type, event=event, **kwargs)
  File "D:\Programming\Python\RunnerBot\.venv\lib\site-packages\aiogram\dispatcher\router.py", line 146, in propagate_event
    return await observer.wrap_outer_middleware(_wrapped, event=event, data=kwargs)
  File "D:\Programming\Python\RunnerBot\.venv\lib\site-packages\aiogram\dispatcher\router.py", line 141, in _wrapped
    return await self._propagate_event(
  File "D:\Programming\Python\RunnerBot\.venv\lib\site-packages\aiogram\dispatcher\router.py", line 174, in _propagate_event
    response = await router.propagate_event(update_type=update_type, event=event, **kwargs)
  File "D:\Programming\Python\RunnerBot\.venv\lib\site-packages\aiogram\dispatcher\router.py", line 146, in propagate_event
    return await observer.wrap_outer_middleware(_wrapped, event=event, data=kwargs)
  File "D:\Programming\Python\RunnerBot\.venv\lib\site-packages\aiogram\dispatcher\router.py", line 141, in _wrapped
    return await self._propagate_event(
  File "D:\Programming\Python\RunnerBot\.venv\lib\site-packages\aiogram\dispatcher\router.py", line 166, in _propagate_event
    response = await observer.trigger(event, **kwargs)
  File "D:\Programming\Python\RunnerBot\.venv\lib\site-packages\aiogram\dispatcher\event\telegram.py", line 121, in trigger
    return await wrapped_inner(event, kwargs)
  File "D:\Programming\Python\RunnerBot\bot\middlewares\registration_check.py", line 21, in __call__
    return await handler(event, data)
  File "D:\Programming\Python\RunnerBot\.venv\lib\site-packages\aiogram\dispatcher\event\handler.py", line 43, in call
    return await wrapped()
  File "D:\Programming\Python\RunnerBot\bot\handlers\feedback.py", line 38, in process_review
    save_feedback(user_id=message.from_user.id, rating=rating, review=review)
  File "D:\Programming\Python\RunnerBot\bot\utils\db.py", line 369, in save_feedback
    cursor.execute(
sqlite3.OperationalError: no such table: feedback

During handling of the above exception, another exception occurred:

Traceback (most recent call last):
  File "D:\Programming\Python\RunnerBot\.venv\lib\site-packages\aiogram\dispatcher\dispatcher.py", line 309, in _process_update
    response = await self.feed_update(bot, update, **kwargs)
  File "D:\Programming\Python\RunnerBot\.venv\lib\site-packages\aiogram\dispatcher\dispatcher.py", line 158, in feed_update
    response = await self.update.wrap_outer_middleware(
  File "D:\Programming\Python\RunnerBot\.venv\lib\site-packages\aiogram\dispatcher\middlewares\error.py", line 29, in __call__
    response = await self.router.propagate_event(
  File "D:\Programming\Python\RunnerBot\.venv\lib\site-packages\aiogram\dispatcher\router.py", line 146, in propagate_event
    return await observer.wrap_outer_middleware(_wrapped, event=event, data=kwargs)
  File "D:\Programming\Python\RunnerBot\.venv\lib\site-packages\aiogram\dispatcher\router.py", line 141, in _wrapped
    return await self._propagate_event(
  File "D:\Programming\Python\RunnerBot\.venv\lib\site-packages\aiogram\dispatcher\router.py", line 174, in _propagate_event
    response = await router.propagate_event(update_type=update_type, event=event, **kwargs)
  File "D:\Programming\Python\RunnerBot\.venv\lib\site-packages\aiogram\dispatcher\router.py", line 146, in propagate_event
    return await observer.wrap_outer_middleware(_wrapped, event=event, data=kwargs)
  File "D:\Programming\Python\RunnerBot\.venv\lib\site-packages\aiogram\dispatcher\router.py", line 141, in _wrapped
    return await self._propagate_event(
  File "D:\Programming\Python\RunnerBot\.venv\lib\site-packages\aiogram\dispatcher\router.py", line 166, in _propagate_event
    response = await observer.trigger(event, **kwargs)
  File "D:\Programming\Python\RunnerBot\.venv\lib\site-packages\aiogram\dispatcher\event\telegram.py", line 121, in trigger
    return await wrapped_inner(event, kwargs)
  File "D:\Programming\Python\RunnerBot\.venv\lib\site-packages\aiogram\dispatcher\event\handler.py", line 43, in call
    return await wrapped()
TypeError: handle_errors() missing 1 required positional argument: 'exception'
2025-01-16 03:37:17,872 - aiogram.event - INFO - Update id=785582092 is not handled. Duration 0 ms by bot id=7987337779
2025-01-16 03:37:17,872 - aiogram.event - ERROR - Cause exception while process update id=785582092 by bot id=7987337779
TypeError: handle_errors() missing 1 required positional argument: 'exception'
Traceback (most recent call last):
  File "D:\Programming\Python\RunnerBot\.venv\lib\site-packages\aiogram\dispatcher\middlewares\error.py", line 25, in __call__
    return await handler(event, data)
  File "D:\Programming\Python\RunnerBot\.venv\lib\site-packages\aiogram\dispatcher\middlewares\user_context.py", line 56, in __call__
    return await handler(event, data)
  File "D:\Programming\Python\RunnerBot\.venv\lib\site-packages\aiogram\fsm\middleware.py", line 42, in __call__
    return await handler(event, data)
  File "D:\Programming\Python\RunnerBot\.venv\lib\site-packages\aiogram\dispatcher\event\telegram.py", line 121, in trigger
    return await wrapped_inner(event, kwargs)
  File "D:\Programming\Python\RunnerBot\.venv\lib\site-packages\aiogram\dispatcher\event\handler.py", line 43, in call
    return await wrapped()
  File "D:\Programming\Python\RunnerBot\.venv\lib\site-packages\aiogram\dispatcher\dispatcher.py", line 276, in _listen_update
    return await self.propagate_event(update_type=update_type, event=event, **kwargs)
  File "D:\Programming\Python\RunnerBot\.venv\lib\site-packages\aiogram\dispatcher\router.py", line 146, in propagate_event
    return await observer.wrap_outer_middleware(_wrapped, event=event, data=kwargs)
  File "D:\Programming\Python\RunnerBot\.venv\lib\site-packages\aiogram\dispatcher\router.py", line 141, in _wrapped
    return await self._propagate_event(
  File "D:\Programming\Python\RunnerBot\.venv\lib\site-packages\aiogram\dispatcher\router.py", line 174, in _propagate_event
    response = await router.propagate_event(update_type=update_type, event=event, **kwargs)
  File "D:\Programming\Python\RunnerBot\.venv\lib\site-packages\aiogram\dispatcher\router.py", line 146, in propagate_event
    return await observer.wrap_outer_middleware(_wrapped, event=event, data=kwargs)
  File "D:\Programming\Python\RunnerBot\.venv\lib\site-packages\aiogram\dispatcher\router.py", line 141, in _wrapped
    return await self._propagate_event(
  File "D:\Programming\Python\RunnerBot\.venv\lib\site-packages\aiogram\dispatcher\router.py", line 166, in _propagate_event
    response = await observer.trigger(event, **kwargs)
  File "D:\Programming\Python\RunnerBot\.venv\lib\site-packages\aiogram\dispatcher\event\telegram.py", line 121, in trigger
    return await wrapped_inner(event, kwargs)
  File "D:\Programming\Python\RunnerBot\bot\middlewares\registration_check.py", line 21, in __call__
    return await handler(event, data)
  File "D:\Programming\Python\RunnerBot\.venv\lib\site-packages\aiogram\dispatcher\event\handler.py", line 43, in call
    return await wrapped()
  File "D:\Programming\Python\RunnerBot\bot\handlers\feedback.py", line 38, in process_review
    save_feedback(user_id=message.from_user.id, rating=rating, review=review)
  File "D:\Programming\Python\RunnerBot\bot\utils\db.py", line 369, in save_feedback
    cursor.execute(
sqlite3.OperationalError: no such table: feedback

During handling of the above exception, another exception occurred:

Traceback (most recent call last):
  File "D:\Programming\Python\RunnerBot\.venv\lib\site-packages\aiogram\dispatcher\dispatcher.py", line 309, in _process_update
    response = await self.feed_update(bot, update, **kwargs)
  File "D:\Programming\Python\RunnerBot\.venv\lib\site-packages\aiogram\dispatcher\dispatcher.py", line 158, in feed_update
    response = await self.update.wrap_outer_middleware(
  File "D:\Programming\Python\RunnerBot\.venv\lib\site-packages\aiogram\dispatcher\middlewares\error.py", line 29, in __call__
    response = await self.router.propagate_event(
  File "D:\Programming\Python\RunnerBot\.venv\lib\site-packages\aiogram\dispatcher\router.py", line 146, in propagate_event
    return await observer.wrap_outer_middleware(_wrapped, event=event, data=kwargs)
  File "D:\Programming\Python\RunnerBot\.venv\lib\site-packages\aiogram\dispatcher\router.py", line 141, in _wrapped
    return await self._propagate_event(
  File "D:\Programming\Python\RunnerBot\.venv\lib\site-packages\aiogram\dispatcher\router.py", line 174, in _propagate_event
    response = await router.propagate_event(update_type=update_type, event=event, **kwargs)
  File "D:\Programming\Python\RunnerBot\.venv\lib\site-packages\aiogram\dispatcher\router.py", line 146, in propagate_event
    return await observer.wrap_outer_middleware(_wrapped, event=event, data=kwargs)
  File "D:\Programming\Python\RunnerBot\.venv\lib\site-packages\aiogram\dispatcher\router.py", line 141, in _wrapped
    return await self._propagate_event(
  File "D:\Programming\Python\RunnerBot\.venv\lib\site-packages\aiogram\dispatcher\router.py", line 166, in _propagate_event
    response = await observer.trigger(event, **kwargs)
  File "D:\Programming\Python\RunnerBot\.venv\lib\site-packages\aiogram\dispatcher\event\telegram.py", line 121, in trigger
    return await wrapped_inner(event, kwargs)
  File "D:\Programming\Python\RunnerBot\.venv\lib\site-packages\aiogram\dispatcher\event\handler.py", line 43, in call
    return await wrapped()
TypeError: handle_errors() missing 1 required positional argument: 'exception'
2025-01-16 03:40:15,524 - aiogram.dispatcher - INFO - Polling stopped for bot @airunnerbot id=7987337779 - 'RunnerBot'
2025-01-16 03:40:15,524 - aiogram.dispatcher - INFO - Polling stopped
2025-01-16 03:40:15,786 - __main__ - INFO - Закрытие сессии бота
2025-01-16 03:40:15,786 - bot.handlers.reminders - INFO - Остановка планировщика задач
2025-01-16 03:40:15,786 - apscheduler.scheduler - INFO - Scheduler has been shut down
2025-01-16 03:40:39,259 - __main__ - INFO - Запуск main()
2025-01-16 03:40:39,260 - __main__ - INFO - Инициализация базы данных
2025-01-16 03:40:39,261 - __main__ - INFO - Настройка бота и диспетчера
2025-01-16 03:40:39,271 - __main__ - INFO - Подключение middleware
2025-01-16 03:40:39,271 - __main__ - INFO - Регистрация хендлеров
2025-01-16 03:40:39,272 - bot.handlers.reminders - INFO - Запуск планировщика задач
2025-01-16 03:40:39,273 - apscheduler.scheduler - INFO - Scheduler started
2025-01-16 03:40:39,273 - __main__ - INFO - Бот запущен! Начало polling...
2025-01-16 03:40:39,273 - aiogram.dispatcher - INFO - Start polling
2025-01-16 03:40:40,719 - aiogram.dispatcher - INFO - Run polling for bot @airunnerbot id=7987337779 - 'RunnerBot'
2025-01-16 03:40:44,529 - aiogram.event - INFO - Update id=785582093 is handled. Duration 1952 ms by bot id=7987337779
2025-01-16 03:40:46,088 - aiogram.event - INFO - Update id=785582094 is handled. Duration 327 ms by bot id=7987337779
2025-01-16 03:40:47,732 - aiogram.event - INFO - Update id=785582095 is handled. Duration 327 ms by bot id=7987337779
2025-01-16 03:40:50,537 - aiogram.event - INFO - Update id=785582096 is handled. Duration 343 ms by bot id=7987337779
2025-01-16 03:41:22,970 - aiogram.dispatcher - INFO - Polling stopped for bot @airunnerbot id=7987337779 - 'RunnerBot'
2025-01-16 03:41:22,970 - aiogram.dispatcher - INFO - Polling stopped
2025-01-16 03:41:23,234 - __main__ - INFO - Закрытие сессии бота
2025-01-16 03:41:23,234 - bot.handlers.reminders - INFO - Остановка планировщика задач
2025-01-16 03:41:23,234 - apscheduler.scheduler - INFO - Scheduler has been shut down
2025-01-16 03:41:45,940 - __main__ - INFO - Запуск main()
2025-01-16 03:41:45,942 - __main__ - INFO - Инициализация базы данных
2025-01-16 03:41:45,943 - __main__ - INFO - Настройка бота и диспетчера
2025-01-16 03:41:45,953 - __main__ - INFO - Подключение middleware
2025-01-16 03:41:45,954 - __main__ - INFO - Регистрация хендлеров
2025-01-16 03:41:45,954 - bot.handlers.reminders - INFO - Запуск планировщика задач
2025-01-16 03:41:45,955 - apscheduler.scheduler - INFO - Scheduler started
2025-01-16 03:41:45,955 - __main__ - INFO - Бот запущен! Начало polling...
2025-01-16 03:41:45,955 - aiogram.dispatcher - INFO - Start polling
2025-01-16 03:41:47,917 - aiogram.dispatcher - INFO - Run polling for bot @airunnerbot id=7987337779 - 'RunnerBot'
2025-01-16 03:41:52,771 - aiogram.event - INFO - Update id=785582097 is handled. Duration 969 ms by bot id=7987337779
2025-01-16 03:41:58,609 - aiogram.event - INFO - Update id=785582098 is handled. Duration 327 ms by bot id=7987337779
2025-01-16 03:42:01,616 - aiogram.event - INFO - Update id=785582099 is handled. Duration 531 ms by bot id=7987337779
2025-01-16 03:42:55,556 - aiogram.event - INFO - Update id=785582100 is handled. Duration 327 ms by bot id=7987337779
2025-01-16 03:42:58,025 - aiogram.event - INFO - Update id=785582101 is handled. Duration 344 ms by bot id=7987337779
2025-01-16 03:43:04,243 - aiogram.event - INFO - Update id=785582102 is handled. Duration 452 ms by bot id=7987337779
2025-01-16 03:44:15,467 - aiogram.event - INFO - Update id=785582103 is handled. Duration 343 ms by bot id=7987337779
2025-01-16 03:48:31,795 - aiogram.dispatcher - INFO - Polling stopped for bot @airunnerbot id=7987337779 - 'RunnerBot'
2025-01-16 03:48:31,796 - aiogram.dispatcher - INFO - Polling stopped
2025-01-16 03:48:32,049 - __main__ - INFO - Закрытие сессии бота
2025-01-16 03:48:32,049 - bot.handlers.reminders - INFO - Остановка планировщика задач
2025-01-16 03:48:32,049 - apscheduler.scheduler - INFO - Scheduler has been shut down
2025-01-16 03:48:36,944 - __main__ - INFO - Запуск main()
2025-01-16 03:48:36,945 - __main__ - INFO - Инициализация базы данных
2025-01-16 03:48:36,946 - __main__ - INFO - Настройка бота и диспетчера
2025-01-16 03:48:36,957 - __main__ - INFO - Подключение middleware
2025-01-16 03:48:36,957 - __main__ - INFO - Регистрация хендлеров
2025-01-16 03:48:36,957 - bot.handlers.reminders - INFO - Запуск планировщика задач
2025-01-16 03:48:36,958 - apscheduler.scheduler - INFO - Scheduler started
2025-01-16 03:48:36,958 - __main__ - INFO - Бот запущен! Начало polling...
2025-01-16 03:48:36,958 - aiogram.dispatcher - INFO - Start polling
2025-01-16 03:48:38,480 - aiogram.dispatcher - INFO - Run polling for bot @airunnerbot id=7987337779 - 'RunnerBot'
2025-01-16 03:48:43,913 - aiogram.event - INFO - Update id=785582104 is handled. Duration 1312 ms by bot id=7987337779
2025-01-16 03:48:46,008 - aiogram.event - INFO - Update id=785582105 is handled. Duration 327 ms by bot id=7987337779
2025-01-16 03:48:52,313 - aiogram.event - INFO - Update id=785582106 is handled. Duration 530 ms by bot id=7987337779
2025-01-16 03:49:33,890 - aiogram.dispatcher - INFO - Polling stopped for bot @airunnerbot id=7987337779 - 'RunnerBot'
2025-01-16 03:49:33,890 - aiogram.dispatcher - INFO - Polling stopped
2025-01-16 03:49:34,153 - __main__ - INFO - Закрытие сессии бота
2025-01-16 03:49:34,153 - bot.handlers.reminders - INFO - Остановка планировщика задач
2025-01-16 03:49:34,153 - apscheduler.scheduler - INFO - Scheduler has been shut down
2025-01-16 04:11:58,022 - __main__ - INFO - Запуск main()
2025-01-16 04:11:58,064 - __main__ - INFO - Инициализация базы данных
2025-01-16 04:11:58,107 - __main__ - INFO - Настройка бота и диспетчера
2025-01-16 04:11:58,118 - __main__ - INFO - Подключение middleware
2025-01-16 04:11:58,118 - __main__ - INFO - Регистрация хендлеров
2025-01-16 04:11:58,118 - bot.handlers.reminders - INFO - Запуск планировщика задач
2025-01-16 04:11:58,135 - apscheduler.scheduler - INFO - Scheduler started
2025-01-16 04:11:58,135 - __main__ - INFO - Бот запущен! Начало polling...
2025-01-16 04:11:58,135 - aiogram.dispatcher - INFO - Start polling
2025-01-16 04:11:58,604 - aiogram.dispatcher - INFO - Run polling for bot @airunnerbot id=7987337779 - 'RunnerBot'
2025-01-16 04:12:27,978 - aiogram.event - INFO - Update id=785582107 is handled. Duration 406 ms by bot id=7987337779
2025-01-16 04:12:33,321 - aiogram.event - INFO - Update id=785582108 is handled. Duration 890 ms by bot id=7987337779
2025-01-16 04:12:38,805 - aiogram.event - INFO - Update id=785582109 is handled. Duration 234 ms by bot id=7987337779
2025-01-16 04:13:00,654 - aiogram.dispatcher - INFO - Polling stopped for bot @airunnerbot id=7987337779 - 'RunnerBot'
2025-01-16 04:13:00,654 - aiogram.dispatcher - INFO - Polling stopped
2025-01-16 04:13:00,906 - __main__ - INFO - Закрытие сессии бота
2025-01-16 04:13:00,906 - bot.handlers.reminders - INFO - Остановка планировщика задач
2025-01-16 04:13:00,906 - apscheduler.scheduler - INFO - Scheduler has been shut down
2025-01-16 04:13:05,400 - __main__ - INFO - Запуск main()
2025-01-16 04:13:05,401 - __main__ - INFO - Инициализация базы данных
2025-01-16 04:13:05,402 - __main__ - INFO - Настройка бота и диспетчера
2025-01-16 04:13:05,413 - __main__ - INFO - Подключение middleware
2025-01-16 04:13:05,413 - __main__ - INFO - Регистрация хендлеров
2025-01-16 04:13:05,413 - bot.handlers.reminders - INFO - Запуск планировщика задач
2025-01-16 04:13:05,414 - apscheduler.scheduler - INFO - Scheduler started
2025-01-16 04:13:05,414 - __main__ - INFO - Бот запущен! Начало polling...
2025-01-16 04:13:05,414 - aiogram.dispatcher - INFO - Start polling
2025-01-16 04:13:05,747 - aiogram.dispatcher - INFO - Run polling for bot @airunnerbot id=7987337779 - 'RunnerBot'
2025-01-16 04:13:45,877 - aiogram.event - INFO - Update id=785582110 is handled. Duration 2812 ms by bot id=7987337779
2025-01-16 04:13:47,842 - aiogram.event - INFO - Update id=785582111 is handled. Duration 234 ms by bot id=7987337779
2025-01-16 04:14:13,869 - aiogram.event - INFO - Update id=785582112 is handled. Duration 265 ms by bot id=7987337779
2025-01-16 04:14:17,388 - aiogram.event - INFO - Update id=785582113 is handled. Duration 219 ms by bot id=7987337779
2025-01-16 04:14:36,553 - aiogram.dispatcher - INFO - Polling stopped for bot @airunnerbot id=7987337779 - 'RunnerBot'
2025-01-16 04:14:36,553 - aiogram.dispatcher - INFO - Polling stopped
2025-01-16 04:14:36,811 - __main__ - INFO - Закрытие сессии бота
2025-01-16 04:14:36,811 - bot.handlers.reminders - INFO - Остановка планировщика задач
2025-01-16 04:14:36,811 - apscheduler.scheduler - INFO - Scheduler has been shut down
2025-01-16 04:22:03,219 - __main__ - INFO - Запуск main()
2025-01-16 04:22:03,282 - __main__ - INFO - Инициализация базы данных
2025-01-16 04:22:03,338 - __main__ - INFO - Настройка бота и диспетчера
2025-01-16 04:22:03,349 - __main__ - INFO - Подключение middleware
2025-01-16 04:22:03,349 - __main__ - INFO - Регистрация хендлеров
2025-01-16 04:22:03,349 - bot.handlers.reminders - INFO - Запуск планировщика задач
2025-01-16 04:22:03,393 - apscheduler.scheduler - INFO - Scheduler started
2025-01-16 04:22:03,393 - __main__ - INFO - Бот запущен! Начало polling...
2025-01-16 04:22:03,394 - aiogram.dispatcher - INFO - Start polling
2025-01-16 04:22:03,894 - aiogram.dispatcher - INFO - Run polling for bot @airunnerbot id=7987337779 - 'RunnerBot'
2025-01-16 04:22:04,183 - bot.handlers.start - INFO - Пользователь 615014924 вызвал команду /start
2025-01-16 04:22:04,184 - bot.handlers.start - INFO - Пользователь 615014924 уже зарегистрирован
2025-01-16 04:22:04,519 - aiogram.event - INFO - Update id=785582114 is handled. Duration 343 ms by bot id=7987337779
2025-01-16 04:22:06,151 - aiogram.event - INFO - Update id=785582115 is handled. Duration 171 ms by bot id=7987337779
2025-01-16 04:22:14,692 - aiogram.event - INFO - Update id=785582116 is handled. Duration 1468 ms by bot id=7987337779
2025-01-16 04:22:16,235 - aiogram.event - INFO - Update id=785582117 is handled. Duration 250 ms by bot id=7987337779
2025-01-16 04:22:18,264 - httpx - INFO - HTTP Request: POST https://ngw.devices.sberbank.ru:9443/api/v2/oauth "HTTP/1.1 200 OK"
2025-01-16 04:22:20,566 - httpx - INFO - HTTP Request: POST https://gigachat.devices.sberbank.ru/api/v1/chat/completions "HTTP/1.1 200 OK"
2025-01-16 04:22:20,745 - aiogram.event - INFO - Update id=785582118 is handled. Duration 2750 ms by bot id=7987337779
2025-01-16 04:22:47,906 - httpx - INFO - HTTP Request: POST https://gigachat.devices.sberbank.ru/api/v1/chat/completions "HTTP/1.1 200 OK"
2025-01-16 04:22:48,075 - aiogram.event - INFO - Update id=785582119 is handled. Duration 2515 ms by bot id=7987337779
2025-01-16 04:22:54,465 - aiogram.event - INFO - Update id=785582120 is handled. Duration 234 ms by bot id=7987337779
2025-01-16 04:22:56,273 - aiogram.event - INFO - Update id=785582121 is handled. Duration 108 ms by bot id=7987337779
2025-01-16 04:22:58,579 - aiogram.event - INFO - Update id=785582122 is handled. Duration 125 ms by bot id=7987337779
2025-01-16 04:23:01,289 - aiogram.event - INFO - Update id=785582123 is handled. Duration 530 ms by bot id=7987337779
2025-01-16 04:23:07,044 - aiogram.event - INFO - Update id=785582124 is handled. Duration 250 ms by bot id=7987337779
2025-01-16 04:23:09,279 - aiogram.event - INFO - Update id=785582125 is handled. Duration 108 ms by bot id=7987337779
2025-01-16 04:23:13,571 - aiogram.event - INFO - Update id=785582126 is handled. Duration 218 ms by bot id=7987337779
2025-01-16 04:23:21,590 - aiogram.event - INFO - Update id=785582127 is handled. Duration 469 ms by bot id=7987337779
2025-01-16 04:23:29,468 - aiogram.event - INFO - Update id=785582128 is handled. Duration 702 ms by bot id=7987337779
2025-01-16 04:23:30,916 - aiogram.event - INFO - Update id=785582129 is handled. Duration 234 ms by bot id=7987337779
2025-01-16 04:23:33,231 - aiogram.event - INFO - Update id=785582130 is handled. Duration 187 ms by bot id=7987337779
2025-01-16 04:23:39,349 - aiogram.event - INFO - Update id=785582131 is handled. Duration 109 ms by bot id=7987337779
2025-01-16 04:23:46,020 - aiogram.dispatcher - INFO - Polling stopped for bot @airunnerbot id=7987337779 - 'RunnerBot'
2025-01-16 04:23:46,020 - aiogram.dispatcher - INFO - Polling stopped
2025-01-16 04:23:46,272 - __main__ - INFO - Закрытие сессии бота
2025-01-16 04:23:46,272 - bot.handlers.reminders - INFO - Остановка планировщика задач
2025-01-16 04:23:46,272 - apscheduler.scheduler - INFO - Scheduler has been shut down
2025-01-16 14:58:31,866 - __main__ - INFO - Запуск main()
2025-01-16 14:58:31,899 - __main__ - INFO - Инициализация базы данных
2025-01-16 14:58:31,976 - __main__ - INFO - Настройка бота и диспетчера
2025-01-16 14:58:31,987 - __main__ - INFO - Подключение middleware
2025-01-16 14:58:31,987 - __main__ - INFO - Регистрация хендлеров
2025-01-16 14:58:31,987 - bot.handlers.reminders - INFO - Запуск планировщика задач
2025-01-16 14:58:31,989 - apscheduler.scheduler - INFO - Scheduler started
2025-01-16 14:58:31,989 - __main__ - INFO - Бот запущен! Начало polling...
2025-01-16 14:58:31,989 - aiogram.dispatcher - INFO - Start polling
2025-01-16 14:58:34,358 - aiogram.dispatcher - INFO - Run polling for bot @airunnerbot id=7987337779 - 'RunnerBot'
2025-01-16 14:58:53,009 - bot.handlers.start - INFO - Пользователь 615014924 вызвал команду /start
2025-01-16 14:58:53,010 - bot.handlers.start - INFO - Пользователь 615014924 уже зарегистрирован
2025-01-16 14:58:55,568 - aiogram.event - INFO - Update id=785582132 is handled. Duration 2608 ms by bot id=7987337779
2025-01-16 14:58:59,851 - aiogram.event - INFO - Update id=785582133 is handled. Duration 2108 ms by bot id=7987337779
2025-01-16 14:59:04,305 - aiogram.event - INFO - Update id=785582134 is handled. Duration 389 ms by bot id=7987337779
2025-01-16 14:59:08,155 - aiogram.event - INFO - Update id=785582135 is handled. Duration 547 ms by bot id=7987337779
2025-01-16 14:59:10,793 - aiogram.event - INFO - Update id=785582136 is handled. Duration 657 ms by bot id=7987337779
2025-01-16 14:59:17,956 - apscheduler.scheduler - INFO - Added job "send_reminder" to job store "default"
2025-01-16 14:59:18,339 - aiogram.event - INFO - Update id=785582137 is handled. Duration 391 ms by bot id=7987337779
2025-01-16 14:59:24,679 - apscheduler.scheduler - INFO - Removed job 48fa936f61bb43d19fcef7eb626e5cb9
2025-01-16 14:59:25,844 - aiogram.event - INFO - Update id=785582138 is handled. Duration 1157 ms by bot id=7987337779
2025-01-16 14:59:50,410 - bot.handlers.advice - ERROR - Ошибка генерации мотивационного сообщения 615014924: [WinError 10060] Попытка установить соединение была безуспешной, т.к. от другого компьютера за требуемое время не получен нужный отклик, или было разорвано уже установленное соединение из-за неверного отклика уже подключенного компьютера
2025-01-16 14:59:52,580 - aiogram.event - INFO - Update id=785582139 is handled. Duration 23813 ms by bot id=7987337779
2025-01-16 14:59:56,729 - aiogram.event - INFO - Update id=785582140 is handled. Duration 436 ms by bot id=7987337779
2025-01-16 14:59:59,614 - aiogram.event - INFO - Update id=785582141 is handled. Duration 483 ms by bot id=7987337779
2025-01-16 15:00:03,154 - aiogram.event - INFO - Update id=785582142 is handled. Duration 469 ms by bot id=7987337779
2025-01-16 15:00:10,882 - aiogram.event - INFO - Update id=785582143 is handled. Duration 420 ms by bot id=7987337779
2025-01-16 15:00:20,434 - aiogram.event - INFO - Update id=785582144 is handled. Duration 405 ms by bot id=7987337779
2025-01-16 15:00:27,923 - aiogram.event - INFO - Update id=785582145 is handled. Duration 1077 ms by bot id=7987337779
2025-01-16 15:00:30,537 - aiogram.event - INFO - Update id=785582146 is handled. Duration 438 ms by bot id=7987337779
2025-01-16 15:00:40,321 - aiogram.event - INFO - Update id=785582147 is handled. Duration 655 ms by bot id=7987337779
2025-01-16 15:00:45,283 - aiogram.event - INFO - Update id=785582148 is handled. Duration 405 ms by bot id=7987337779
2025-01-16 15:01:01,005 - aiogram.event - INFO - Update id=785582149 is handled. Duration 9500 ms by bot id=7987337779
2025-01-16 15:01:29,001 - aiogram.event - INFO - Update id=785582150 is handled. Duration 18405 ms by bot id=7987337779
2025-01-16 15:01:35,439 - aiogram.dispatcher - INFO - Polling stopped
2025-01-16 15:01:35,440 - aiogram.dispatcher - INFO - Polling stopped for bot @airunnerbot id=7987337779 - 'RunnerBot'
2025-01-16 15:01:35,698 - __main__ - INFO - Закрытие сессии бота
2025-01-16 15:01:35,698 - bot.handlers.reminders - INFO - Остановка планировщика задач
2025-01-16 15:01:35,698 - apscheduler.scheduler - INFO - Scheduler has been shut down
